<?xml version="1.0" encoding="UTF-8" standalone="no"?>
<!DOCTYPE log SYSTEM "logger.dtd">
<head/><log>
<record>
  <date>2016-12-07T16:49:08.249-0300</date>
  <logger>ARTHUR SAMPAIO PERICO CORREIA</logger>
  <level>FINE</level>
  <message>File 115210213-ARTHUR SAMPAIO PERICO CORREIA.zip was received. It was sent by ARTHUR SAMPAIO PERICO CORREIA from IP 127.0.1.1</message>
</record>
</log>
<?xml version="1.0" encoding="UTF-8" standalone="no"?>
<!DOCTYPE log SYSTEM "logger.dtd">
<log>
<record>
  <date>2016-12-07T17:19:36.221-0300</date>
  <logger>ARTHUR SAMPAIO PERICO CORREIA</logger>
  <level>FINE</level>
  <message>File 115210213-ARTHUR SAMPAIO PERICO CORREIA.zip was received. It was sent by ARTHUR SAMPAIO PERICO CORREIA from IP 127.0.1.1</message>
</record>
</log>
<?xml version="1.0" encoding="UTF-8" standalone="no"?>
<!DOCTYPE log SYSTEM "logger.dtd">
<log>
<record>
  <date>2016-12-07T17:27:40.616-0300</date>
  <logger>ARTHUR SAMPAIO PERICO CORREIA</logger>
  <level>FINE</level>
  <message>File 115210213-ARTHUR SAMPAIO PERICO CORREIA.zip was received. It was sent by ARTHUR SAMPAIO PERICO CORREIA from IP 127.0.1.1</message>
</record>
</log>
<?xml version="1.0" encoding="UTF-8" standalone="no"?>
<!DOCTYPE log SYSTEM "logger.dtd">
<log>
<record>
  <date>2016-12-07T17:30:55.204-0300</date>
  <logger>ARTHUR SAMPAIO PERICO CORREIA</logger>
  <level>FINE</level>
  <message>File 115210213-ARTHUR SAMPAIO PERICO CORREIA.zip was received. It was sent by ARTHUR SAMPAIO PERICO CORREIA from IP 127.0.1.1</message>
</record>
</log>
<?xml version="1.0" encoding="UTF-8" standalone="no"?>
<!DOCTYPE log SYSTEM "logger.dtd">
<log>
<record>
  <date>2016-12-07T17:41:09.451-0300</date>
  <logger>ARTHUR SAMPAIO PERICO CORREIA</logger>
  <level>FINE</level>
  <message>File 115210213-ARTHUR SAMPAIO PERICO CORREIA.zip was received. It was sent by ARTHUR SAMPAIO PERICO CORREIA from IP 127.0.1.1</message>
</record>
