<?xml version="1.0" encoding="UTF-8" standalone="no"?>
<!DOCTYPE log SYSTEM "logger.dtd">
<head/><log>
<record>
  <date>2016-11-13T11:15:15.963-0300</date>
  <logger>ARTHUR SAMPAIO PERICO CORREIA</logger>
  <level>FINE</level>
  <message>File 115210213-ARTHUR SAMPAIO PERICO CORREIA.zip was received. It was sent by ARTHUR SAMPAIO PERICO CORREIA from IP 127.0.1.1</message>
</record>
</log>
<?xml version="1.0" encoding="UTF-8" standalone="no"?>
<!DOCTYPE log SYSTEM "logger.dtd">
<log>
<record>
  <date>2016-11-15T23:43:31.325-0300</date>
  <logger>ARTHUR SAMPAIO PERICO CORREIA</logger>
  <level>FINE</level>
  <message>File 115210213-ARTHUR SAMPAIO PERICO CORREIA.zip was received. It was sent by ARTHUR SAMPAIO PERICO CORREIA from IP 127.0.1.1</message>
</record>
</log>
<?xml version="1.0" encoding="UTF-8" standalone="no"?>
<!DOCTYPE log SYSTEM "logger.dtd">
<log>
<record>
  <date>2016-11-16T16:25:03.206-0300</date>
  <logger>ARTHUR SAMPAIO PERICO CORREIA</logger>
  <level>FINE</level>
  <message>File 115210213-ARTHUR SAMPAIO PERICO CORREIA.zip was received. It was sent by ARTHUR SAMPAIO PERICO CORREIA from IP 127.0.1.1</message>
</record>
</log>
<?xml version="1.0" encoding="UTF-8" standalone="no"?>
<!DOCTYPE log SYSTEM "logger.dtd">
<log>
<record>
  <date>2016-11-16T17:13:31.590-0300</date>
  <logger>ARTHUR SAMPAIO PERICO CORREIA</logger>
  <level>FINE</level>
  <message>File 115210213-ARTHUR SAMPAIO PERICO CORREIA.zip was received. It was sent by ARTHUR SAMPAIO PERICO CORREIA from IP 127.0.1.1</message>
</record>
