<?xml version="1.0" encoding="UTF-8" standalone="no"?>
<!DOCTYPE log SYSTEM "logger.dtd">
<head/><log>
<record>
  <date>2016-12-05T14:27:26.051-0300</date>
  <logger>ARTHUR SAMPAIO PERICO CORREIA</logger>
  <level>FINE</level>
  <message>File 115210213-ARTHUR SAMPAIO PERICO CORREIA.zip was received. It was sent by ARTHUR SAMPAIO PERICO CORREIA from IP 150.165.74.123</message>
</record>
</log>
<?xml version="1.0" encoding="UTF-8" standalone="no"?>
<!DOCTYPE log SYSTEM "logger.dtd">
<log>
<record>
  <date>2016-12-05T15:54:35.365-0300</date>
  <logger>ARTHUR SAMPAIO PERICO CORREIA</logger>
  <level>FINE</level>
  <message>File 115210213-ARTHUR SAMPAIO PERICO CORREIA.zip was received. It was sent by ARTHUR SAMPAIO PERICO CORREIA from IP 150.165.74.123</message>
</record>
</log>
<?xml version="1.0" encoding="UTF-8" standalone="no"?>
<!DOCTYPE log SYSTEM "logger.dtd">
<log>
<record>
  <date>2016-12-05T16:34:42.889-0300</date>
  <logger>ARTHUR SAMPAIO PERICO CORREIA</logger>
  <level>FINE</level>
  <message>File 115210213-ARTHUR SAMPAIO PERICO CORREIA.zip was received. It was sent by ARTHUR SAMPAIO PERICO CORREIA from IP 150.165.74.115</message>
</record>
