<?xml version="1.0" encoding="UTF-8" standalone="no"?>
<!DOCTYPE log SYSTEM "logger.dtd">
<log>
<record>
  <date>2017-02-01T18:04:18.746-0300</date>
  <logger>ARTHUR SAMPAIO PERICO CORREIA</logger>
  <level>FINE</level>
  <message>File 115210213-ARTHUR SAMPAIO PERICO CORREIA.zip was received. It was sent by ARTHUR SAMPAIO PERICO CORREIA from IP 127.0.1.1</message>
</record>
</log>
<?xml version="1.0" encoding="UTF-8" standalone="no"?>
<!DOCTYPE log SYSTEM "logger.dtd">
<log>
<record>
  <date>2017-02-01T20:23:13.769-0300</date>
  <logger>ARTHUR SAMPAIO PERICO CORREIA</logger>
  <level>FINE</level>
  <message>File 115210213-ARTHUR SAMPAIO PERICO CORREIA.zip was received. It was sent by ARTHUR SAMPAIO PERICO CORREIA from IP 127.0.1.1</message>
</record>
</log>
<?xml version="1.0" encoding="UTF-8" standalone="no"?>
<!DOCTYPE log SYSTEM "logger.dtd">
<log>
<record>
  <date>2017-02-01T20:31:15.614-0300</date>
  <logger>ARTHUR SAMPAIO PERICO CORREIA</logger>
  <level>FINE</level>
  <message>File 115210213-ARTHUR SAMPAIO PERICO CORREIA.zip was received. It was sent by ARTHUR SAMPAIO PERICO CORREIA from IP 127.0.1.1</message>
</record>
